{"D:\\ILP2025_01_SDET_WS_16092025\\DevOps Training\\Testing-CiCD-Workspace\\app.js": {"path":"D:\\ILP2025_01_SDET_WS_16092025\\DevOps Training\\Testing-CiCD-Workspace\\app.js","statementMap":{"0":{"start":{"line":1,"column":16},"end":{"line":1,"column":34}},"1":{"start":{"line":2,"column":12},"end":{"line":2,"column":21}},"2":{"start":{"line":3,"column":13},"end":{"line":3,"column":37}},"3":{"start":{"line":5,"column":0},"end":{"line":5,"column":24}},"4":{"start":{"line":8,"column":19},"end":{"line":13,"column":1}},"5":{"start":{"line":9,"column":19},"end":{"line":9,"column":24}},"6":{"start":{"line":10,"column":24},"end":{"line":10,"column":29}},"7":{"start":{"line":11,"column":24},"end":{"line":11,"column":29}},"8":{"start":{"line":12,"column":22},"end":{"line":12,"column":44}},"9":{"start":{"line":16,"column":0},"end":{"line":18,"column":3}},"10":{"start":{"line":17,"column":4},"end":{"line":17,"column":56}},"11":{"start":{"line":20,"column":0},"end":{"line":49,"column":3}},"12":{"start":{"line":21,"column":32},"end":{"line":21,"column":40}},"13":{"start":{"line":23,"column":4},"end":{"line":25,"column":5}},"14":{"start":{"line":24,"column":8},"end":{"line":24,"column":78}},"15":{"start":{"line":28,"column":4},"end":{"line":46,"column":5}},"16":{"start":{"line":30,"column":12},"end":{"line":30,"column":42}},"17":{"start":{"line":31,"column":12},"end":{"line":31,"column":18}},"18":{"start":{"line":33,"column":12},"end":{"line":33,"column":47}},"19":{"start":{"line":34,"column":12},"end":{"line":34,"column":18}},"20":{"start":{"line":36,"column":12},"end":{"line":36,"column":47}},"21":{"start":{"line":37,"column":12},"end":{"line":37,"column":18}},"22":{"start":{"line":39,"column":12},"end":{"line":39,"column":45}},"23":{"start":{"line":40,"column":12},"end":{"line":42,"column":13}},"24":{"start":{"line":41,"column":16},"end":{"line":41,"column":87}},"25":{"start":{"line":43,"column":12},"end":{"line":43,"column":18}},"26":{"start":{"line":45,"column":12},"end":{"line":45,"column":72}},"27":{"start":{"line":48,"column":4},"end":{"line":48,"column":25}},"28":{"start":{"line":51,"column":15},"end":{"line":53,"column":2}},"29":{"start":{"line":52,"column":4},"end":{"line":52,"column":72}},"30":{"start":{"line":55,"column":0},"end":{"line":55,"column":45}}},"fnMap":{"0":{"name":"(anonymous_0)","decl":{"start":{"line":9,"column":9},"end":{"line":9,"column":10}},"loc":{"start":{"line":9,"column":19},"end":{"line":9,"column":24}},"line":9},"1":{"name":"(anonymous_1)","decl":{"start":{"line":10,"column":14},"end":{"line":10,"column":15}},"loc":{"start":{"line":10,"column":24},"end":{"line":10,"column":29}},"line":10},"2":{"name":"(anonymous_2)","decl":{"start":{"line":11,"column":14},"end":{"line":11,"column":15}},"loc":{"start":{"line":11,"column":24},"end":{"line":11,"column":29}},"line":11},"3":{"name":"(anonymous_3)","decl":{"start":{"line":12,"column":12},"end":{"line":12,"column":13}},"loc":{"start":{"line":12,"column":22},"end":{"line":12,"column":44}},"line":12},"4":{"name":"(anonymous_4)","decl":{"start":{"line":16,"column":13},"end":{"line":16,"column":14}},"loc":{"start":{"line":16,"column":27},"end":{"line":18,"column":1}},"line":16},"5":{"name":"(anonymous_5)","decl":{"start":{"line":20,"column":23},"end":{"line":20,"column":24}},"loc":{"start":{"line":20,"column":37},"end":{"line":49,"column":1}},"line":20},"6":{"name":"(anonymous_6)","decl":{"start":{"line":51,"column":32},"end":{"line":51,"column":33}},"loc":{"start":{"line":51,"column":38},"end":{"line":53,"column":1}},"line":51}},"branchMap":{"0":{"loc":{"start":{"line":3,"column":13},"end":{"line":3,"column":37}},"type":"binary-expr","locations":[{"start":{"line":3,"column":13},"end":{"line":3,"column":29}},{"start":{"line":3,"column":33},"end":{"line":3,"column":37}}],"line":3},"1":{"loc":{"start":{"line":12,"column":22},"end":{"line":12,"column":44}},"type":"cond-expr","locations":[{"start":{"line":12,"column":32},"end":{"line":12,"column":37}},{"start":{"line":12,"column":40},"end":{"line":12,"column":44}}],"line":12},"2":{"loc":{"start":{"line":23,"column":4},"end":{"line":25,"column":5}},"type":"if","locations":[{"start":{"line":23,"column":4},"end":{"line":25,"column":5}},{"start":{},"end":{}}],"line":23},"3":{"loc":{"start":{"line":23,"column":8},"end":{"line":23,"column":56}},"type":"binary-expr","locations":[{"start":{"line":23,"column":8},"end":{"line":23,"column":18}},{"start":{"line":23,"column":22},"end":{"line":23,"column":37}},{"start":{"line":23,"column":41},"end":{"line":23,"column":56}}],"line":23},"4":{"loc":{"start":{"line":28,"column":4},"end":{"line":46,"column":5}},"type":"switch","locations":[{"start":{"line":29,"column":8},"end":{"line":31,"column":18}},{"start":{"line":32,"column":8},"end":{"line":34,"column":18}},{"start":{"line":35,"column":8},"end":{"line":37,"column":18}},{"start":{"line":38,"column":8},"end":{"line":43,"column":18}},{"start":{"line":44,"column":8},"end":{"line":45,"column":72}}],"line":28},"5":{"loc":{"start":{"line":40,"column":12},"end":{"line":42,"column":13}},"type":"if","locations":[{"start":{"line":40,"column":12},"end":{"line":42,"column":13}},{"start":{},"end":{}}],"line":40}},"s":{"0":2,"1":2,"2":2,"3":2,"4":2,"5":3,"6":1,"7":1,"8":2,"9":2,"10":1,"11":2,"12":3,"13":3,"14":1,"15":2,"16":1,"17":1,"18":0,"19":0,"20":0,"21":0,"22":0,"23":0,"24":0,"25":0,"26":1,"27":1,"28":2,"29":1,"30":2},"f":{"0":3,"1":1,"2":1,"3":2,"4":1,"5":3,"6":1},"b":{"0":[2,2],"1":[1,1],"2":[1,2],"3":[3,3,3],"4":[1,0,0,0,1],"5":[0,0]},"_coverageSchema":"1a1c01bbd47fc00a2c39e90264f33305004495a9","hash":"979f1fac58969ffa6d5c908b5227f7bc5138bd9c"}
}
