TN:
SF:app.js
FN:9,(anonymous_0)
FN:10,(anonymous_1)
FN:11,(anonymous_2)
FN:12,(anonymous_3)
FN:16,(anonymous_4)
FN:20,(anonymous_5)
FN:51,(anonymous_6)
FNF:7
FNH:7
FNDA:3,(anonymous_0)
FNDA:1,(anonymous_1)
FNDA:1,(anonymous_2)
FNDA:2,(anonymous_3)
FNDA:1,(anonymous_4)
FNDA:3,(anonymous_5)
FNDA:1,(anonymous_6)
DA:1,2
DA:2,2
DA:3,2
DA:5,2
DA:8,2
DA:9,3
DA:10,1
DA:11,1
DA:12,2
DA:16,2
DA:17,1
DA:20,2
DA:21,3
DA:23,3
DA:24,1
DA:28,2
DA:30,1
DA:31,1
DA:33,0
DA:34,0
DA:36,0
DA:37,0
DA:39,0
DA:40,0
DA:41,0
DA:43,0
DA:45,1
DA:48,1
DA:51,2
DA:52,1
DA:55,2
LF:31
LH:23
BRDA:3,0,0,2
BRDA:3,0,1,2
BRDA:12,1,0,1
BRDA:12,1,1,1
BRDA:23,2,0,1
BRDA:23,2,1,2
BRDA:23,3,0,3
BRDA:23,3,1,3
BRDA:23,3,2,3
BRDA:28,4,0,1
BRDA:28,4,1,0
BRDA:28,4,2,0
BRDA:28,4,3,0
BRDA:28,4,4,1
BRDA:40,5,0,0
BRDA:40,5,1,0
BRF:16
BRH:11
end_of_record
